
          -------------------------------------------------------
          Amber 20 PMEMD                              2020
          -------------------------------------------------------

| PMEMD implementation of SANDER, Release 18

|  Compiled date/time: Fri May 10 16:05:41 2024
| Run on 11/22/2024 at 20:54:33

|   Executable path: pmemd.cuda
| Working directory: /home/xubb/STS005/051/no_ca
|          Hostname: Unknown
  [-O]verwriting output

File Assignments:
|   MDIN: heat.in                                                               
|  MDOUT: heat.out                                                              
| INPCRD: min.rst                                                               
|   PARM: complex_solvate.prmtop                                                
| RESTRT: heat.rst                                                              
|   REFC: min.rst                                                               
|  MDVEL: mdvel                                                                 
|   MDEN: mden                                                                  
|  MDCRD: heat.mdcrd                                                            
| MDINFO: heat.info                                                             
|  MDFRC: mdfrc                                                                 


 Here is the input file:

Minimization                                                                   
&cntrl                                                                         
 imin=0,                                                                       
 nstlim=10000, dt=0.001,                                                       
 irest=0, ntx=1,                                                               
 ntpr=5000, ntwr=10000, ntwx=10000,                                            
 ioutfm=0, iwrap=1,                                                            
 ntt=3, gamma_ln=3, ig=77777,                                                  
 ntb=1, ntp=0,                                                                 
 tempi=0.0, temp0=300.0,                                                       
 ntc=2, ntf=2,                                                                 
 cut=10.0,                                                                     
 ntr=1,                                                                        
 vlimit=20,                                                                    
 restraint_wt=10,                                                              
 restraintmask=':9-1637@CA,C,N,O',                                             
/                                                                              
&wt type='TEMP0', istep1=0, istep2=9000, value1=0.0, value2=300.0 /            
&wt type='TEMP0', istep1=9001, istep2=10000, value1=300.0, value2=300.0 /      
&wt type='END' /                                                               


| irandom = 1, using AMBER's internal random number generator (default).
 
|--------------------- INFORMATION ----------------------
| GPU (CUDA) Version of PMEMD in use: NVIDIA GPU IN USE.
|                    Version 18.0.0
| 
|                      03/25/2018
| 
| Implementation by:
|                    Ross C. Walker     (SDSC)
|                    Scott Le Grand     (nVIDIA)
| 
| Version 18 performance extensions by:
|                    David Cerutti     (Rutgers)
| 
| Precision model in use:
|      [SPFP] - Single Precision Forces, 64-bit Fixed Point
|               Accumulation. (Default)
| 
|--------------------------------------------------------
 
|----------------- CITATION INFORMATION -----------------
|
|    When publishing work that utilized the CUDA version
|    of AMBER, please cite the following in addition to
|    the regular AMBER citations:
|
|  - Romelia Salomon-Ferrer; Andreas W. Goetz; Duncan
|    Poole; Scott Le Grand; Ross C. Walker "Routine
|    microsecond molecular dynamics simulations with
|    AMBER - Part II: Particle Mesh Ewald", J. Chem.
|    Theory Comput., 2013, 9 (9), pp3878-3888,
|    DOI: 10.1021/ct400314y.
|
|  - Andreas W. Goetz; Mark J. Williamson; Dong Xu;
|    Duncan Poole; Scott Le Grand; Ross C. Walker
|    "Routine microsecond molecular dynamics simulations
|    with AMBER - Part I: Generalized Born", J. Chem.
|    Theory Comput., 2012, 8 (5), pp1542-1555.
|
|  - Scott Le Grand; Andreas W. Goetz; Ross C. Walker
|    "SPFP: Speed without compromise - a mixed precision
|    model for GPU accelerated molecular dynamics
|    simulations.", Comp. Phys. Comm., 2013, 184
|    pp374-380, DOI: 10.1016/j.cpc.2012.09.022
|
|--------------------------------------------------------
 
|------------------- GPU DEVICE INFO --------------------
|
|            CUDA_VISIBLE_DEVICES: 1
|   CUDA Capable Devices Detected:      1
|           CUDA Device ID in use:      0
|                CUDA Device Name: NVIDIA GeForce RTX 4090
|     CUDA Device Global Mem Size:  24563 MB
| CUDA Device Num Multiprocessors:    128
|           CUDA Device Core Freq:   2.52 GHz
|
|--------------------------------------------------------
 
 
| Conditional Compilation Defines Used:
| PUBFFT
| BINTRAJ
| CUDA
| EMIL

| Largest sphere to fit in unit cell has radius =    53.628

| New format PARM file being parsed.
| Version =    1.000 Date = 11/22/24 Time = 14:18:48

| Note: 1-4 EEL scale factors are being read from the topology file.

| Note: 1-4 VDW scale factors are being read from the topology file.
| Duplicated    0 dihedrals

| Duplicated    0 dihedrals

--------------------------------------------------------------------------------
   1.  RESOURCE   USE: 
--------------------------------------------------------------------------------

 getting box info from netcdf restart file
 NATOM  =  219227 NTYPES =      17 NBONH =  206195 MBONA  =   13332
 NTHETH =   29089 MTHETA =   18092 NPHIH =   58410 MPHIA  =   57767
 NHPARM =       0 NPARM  =       0 NNB   =  400699 NRES   =   66120
 NBONA  =   13332 NTHETA =   18092 NPHIA =   57767 NUMBND =      74
 NUMANG =     181 NPTRA  =     206 NATYP =      37 NPHB   =       0
 IFBOX  =       1 NMXRS  =      41 IFCAP =       0 NEXTRA =       0
 NCOPY  =       0


| Coordinate Index Table dimensions:    20   19   37
| Direct force subcell size =     5.7637    5.6450    5.5840

     BOX TYPE: RECTILINEAR

--------------------------------------------------------------------------------
   2.  CONTROL  DATA  FOR  THE  RUN
--------------------------------------------------------------------------------

default_name                                                                    

General flags:
     imin    =       0, nmropt  =       0

Nature and format of input:
     ntx     =       1, irest   =       0, ntrx    =       1

Nature and format of output:
     ntxo    =       2, ntpr    =    5000, ntrx    =       1, ntwr    =   10000
     iwrap   =       1, ntwx    =   10000, ntwv    =       0, ntwe    =       0
     ioutfm  =       0, ntwprt  =       0, idecomp =       0, rbornstat=      0

Potential function:
     ntf     =       2, ntb     =       1, igb     =       0, nsnb    =      25
     ipol    =       0, gbsa    =       0, iesp    =       0
     dielc   =   1.00000, cut     =  10.00000, intdiel =   1.00000

Frozen or restrained atoms:
     ibelly  =       0, ntr     =       1
     restraint_wt =  10.00000

Molecular dynamics:
     nstlim  =     10000, nscm    =         0, nrespa  =         1
     t       =   0.00000, dt      =   0.00100, vlimit  =  20.00000

Langevin dynamics temperature regulation:
     ig      =   77777
     temp0   = 300.00000, tempi   =   0.00000, gamma_ln=   3.00000

SHAKE:
     ntc     =       2, jfastw  =       0
     tol     =   0.00001

| Intermolecular bonds treatment:
|     no_intermolecular_bonds =       1

| Energy averages sample interval:
|     ene_avg_sampling =    5000

Ewald parameters:
     verbose =       0, ew_type =       0, nbflag  =       1, use_pme =       1
     vdwmeth =       1, eedmeth =       1, netfrc  =       1
     Box X =  115.273   Box Y =  107.256   Box Z =  206.607
     Alpha =   90.000   Beta  =   90.000   Gamma =   90.000
     NFFT1 =  120       NFFT2 =  108       NFFT3 =  216
     Cutoff=   10.000   Tol   =0.100E-04
     Ewald Coefficient =  0.27511
     Interpolation order =    4

    LOADING THE CONSTRAINED ATOMS AS GROUPS


   5.  REFERENCE ATOM COORDINATES

  default_name                                                                    
     Mask :9-1637@CA,C,N,O; matches  6500 atoms

--------------------------------------------------------------------------------
   3.  ATOMIC COORDINATES AND VELOCITIES
--------------------------------------------------------------------------------

default_name                                                                    
 begin time read from input coords =     0.000 ps

 
 Number of triangulated 3-point waters found:    64454

     Sum of charges from parm topology file =   0.00000012
     Forcing neutrality...

| Dynamic Memory, Types Used:
| Reals             6549305
| Integers          8987136

| Nonbonded Pairs Initial Allocation:    66310686

| GPU memory information (estimate):
| KB of GPU memory in use:   1111921
| KB of CPU memory in use:    357823

--------------------------------------------------------------------------------
   4.  RESULTS
--------------------------------------------------------------------------------


 NSTEP =        0   TIME(PS) =       0.000  TEMP(K) =     0.00  PRESS =     0.0
 Etot   =   -888730.1533  EKtot   =         0.0000  EPtot      =   -888730.1533
 BOND   =       993.0809  ANGLE   =      3622.3468  DIHED      =      6649.9846
 UB     =         0.0000  IMP     =         0.0000  CMAP       =      1442.1569
 1-4 NB =      5318.4931  1-4 EEL =     70711.7610  VDWAALS    =    126425.2945
 EELEC  =  -1103893.2709  EHBOND  =         0.0000  RESTRAINT  =         0.0000
 ------------------------------------------------------------------------------


 NSTEP =     5000   TIME(PS) =       5.000  TEMP(K) =   300.11  PRESS =     0.0
 Etot   =   -503922.6952  EKtot   =    134628.5625  EPtot      =   -638551.2577
 BOND   =      4872.7134  ANGLE   =     12548.0906  DIHED      =      8994.6188
 UB     =         0.0000  IMP     =         0.0000  CMAP       =      1505.4428
 1-4 NB =      6053.0340  1-4 EEL =     70661.4995  VDWAALS    =     74436.3459
 EELEC  =   -819006.1718  EHBOND  =         0.0000  RESTRAINT  =      1383.1690
 EAMBER (non-restraint)  =   -639934.4267
 ------------------------------------------------------------------------------


 NSTEP =    10000   TIME(PS) =      10.000  TEMP(K) =   300.08  PRESS =     0.0
 Etot   =   -505108.1402  EKtot   =    134612.8438  EPtot      =   -639720.9839
 BOND   =      4903.2035  ANGLE   =     12648.7783  DIHED      =      8897.8755
 UB     =         0.0000  IMP     =         0.0000  CMAP       =      1502.8159
 1-4 NB =      6017.6025  1-4 EEL =     70637.9753  VDWAALS    =     73305.0247
 EELEC  =   -819035.5916  EHBOND  =         0.0000  RESTRAINT  =      1401.3320
 EAMBER (non-restraint)  =   -641122.3159
 ------------------------------------------------------------------------------


      A V E R A G E S   O V E R       2 S T E P S


 NSTEP =    10000   TIME(PS) =      10.000  TEMP(K) =   300.09  PRESS =     0.0
 Etot   =   -504515.4177  EKtot   =    134620.7031  EPtot      =   -639136.1208
 BOND   =      4887.9585  ANGLE   =     12598.4345  DIHED      =      8946.2471
 UB     =         0.0000  IMP     =         0.0000  CMAP       =      1504.1293
 1-4 NB =      6035.3183  1-4 EEL =     70649.7374  VDWAALS    =     73870.6853
 EELEC  =   -819020.8817  EHBOND  =         0.0000  RESTRAINT  =      1392.2505
 EAMBER (non-restraint)  =   -640528.3713
 ------------------------------------------------------------------------------


      R M S  F L U C T U A T I O N S


 NSTEP =    10000   TIME(PS) =      10.000  TEMP(K) =     0.02  PRESS =     0.0
 Etot   =       592.7225  EKtot   =         7.8594  EPtot      =       584.8631
 BOND   =        15.2451  ANGLE   =        50.3438  DIHED      =        48.3717
 UB     =         0.0000  IMP     =         0.0000  CMAP       =         1.3135
 1-4 NB =        17.7158  1-4 EEL =        11.7621  VDWAALS    =       565.6606
 EELEC  =        14.7099  EHBOND  =         0.0000  RESTRAINT  =         9.0815
 EAMBER (non-restraint)  =       575.7816
 ------------------------------------------------------------------------------

--------------------------------------------------------------------------------
   5.  TIMINGS
--------------------------------------------------------------------------------

|  NonSetup CPU Time in Major Routines:
|
|     Routine           Sec        %
|     ------------------------------
|     Nonbond           1.00    9.48
|     Bond              0.00    0.00
|     Angle             0.00    0.00
|     Dihedral          0.00    0.00
|     Shake             0.02    0.23
|     RunMD             9.51   90.08
|     Other             0.02    0.21
|     ------------------------------
|     Total            10.55

|  PME Nonbond Pairlist CPU Time:
|
|     Routine              Sec        %
|     ---------------------------------
|     Set Up Cit           0.00    0.00
|     Build List           0.00    0.00
|     ---------------------------------
|     Total                0.00    0.00

|  PME Direct Force CPU Time:
|
|     Routine              Sec        %
|     ---------------------------------
|     NonBonded Calc       0.00    0.00
|     Exclude Masked       0.00    0.00
|     Other                0.01    0.06
|     ---------------------------------
|     Total                0.01    0.06

|  PME Reciprocal Force CPU Time:
|
|     Routine              Sec        %
|     ---------------------------------
|     1D bspline           0.00    0.00
|     Grid Charges         0.00    0.00
|     Scalar Sum           0.00    0.00
|     Gradient Sum         0.00    0.00
|     FFT                  0.00    0.00
|     ---------------------------------
|     Total                0.00    0.00

|  Final Performance Info:
|     -----------------------------------------------------
|     Average timings for last   10000 steps:
|     Elapsed(s) =      10.55 Per Step(ms) =       1.06
|         ns/day =      81.89   seconds/ns =    1055.05
|
|     Average timings for all steps:
|     Elapsed(s) =      10.55 Per Step(ms) =       1.06
|         ns/day =      81.89   seconds/ns =    1055.05
|     -----------------------------------------------------

|  Setup CPU time:            2.44 seconds
|  NonSetup CPU time:        10.55 seconds
|  Total CPU time:           13.00 seconds     0.00 hours

|  Setup wall time:           3    seconds
|  NonSetup wall time:       11    seconds
|  Total wall time:          14    seconds     0.00 hours
