
          -------------------------------------------------------
          Amber 20 PMEMD                              2020
          -------------------------------------------------------

| PMEMD implementation of SANDER, Release 18

|  Compiled date/time: Fri May 10 16:05:41 2024
| Run on 11/22/2024 at 20:40:06

|   Executable path: pmemd
| Working directory: /home/xubb/STS005/051/no_ca
|          Hostname: Unknown
  [-O]verwriting output

File Assignments:
|   MDIN: min.in                                                                
|  MDOUT: min.out                                                               
| INPCRD: complex_solvate.inpcrd                                                
|   PARM: complex_solvate.prmtop                                                
| RESTRT: min.rst                                                               
|   REFC: complex_solvate.inpcrd                                                
|  MDVEL: mdvel                                                                 
|   MDEN: mden                                                                  
|  MDCRD: min.mdcrd                                                             
| MDINFO: min.info                                                              
|  MDFRC: mdfrc                                                                 


 Here is the input file:

Minimization                                                                   
&cntrl                                                                         
 imin=1, maxcyc=1000, ncyc=800,                                                
 ntpr=100, ntwr=500, ntwx=10000,                                               
 ioutfm=0,                                                                     
 ntb=1,                                                                        
 cut=10.0,                                                                     
/                                                                              


Note: ig = -1. Setting random seed to   890930 based on wallclock time in 
      microseconds.
| irandom = 1, using AMBER's internal random number generator (default).
 
 
| Conditional Compilation Defines Used:
| PUBFFT
| BINTRAJ
| EMIL

| Largest sphere to fit in unit cell has radius =    53.628

| New format PARM file being parsed.
| Version =    1.000 Date = 11/22/24 Time = 14:18:48

| Note: 1-4 EEL scale factors are being read from the topology file.

| Note: 1-4 VDW scale factors are being read from the topology file.
| Duplicated    0 dihedrals

| Duplicated    0 dihedrals

--------------------------------------------------------------------------------
   1.  RESOURCE   USE: 
--------------------------------------------------------------------------------

 getting new box info from bottom of inpcrd
 NATOM  =  219227 NTYPES =      17 NBONH =  206195 MBONA  =   13332
 NTHETH =   29089 MTHETA =   18092 NPHIH =   58410 MPHIA  =   57767
 NHPARM =       0 NPARM  =       0 NNB   =  400699 NRES   =   66120
 NBONA  =   13332 NTHETA =   18092 NPHIA =   57767 NUMBND =      74
 NUMANG =     181 NPTRA  =     206 NATYP =      37 NPHB   =       0
 IFBOX  =       1 NMXRS  =      41 IFCAP =       0 NEXTRA =       0
 NCOPY  =       0


| Coordinate Index Table dimensions:    20   19   37
| Direct force subcell size =     5.7637    5.6450    5.5840

     BOX TYPE: RECTILINEAR

--------------------------------------------------------------------------------
   2.  CONTROL  DATA  FOR  THE  RUN
--------------------------------------------------------------------------------

default_name                                                                    

General flags:
     imin    =       1, nmropt  =       0

Nature and format of input:
     ntx     =       1, irest   =       0, ntrx    =       1

Nature and format of output:
     ntxo    =       2, ntpr    =     100, ntrx    =       1, ntwr    =     500
     iwrap   =       0, ntwx    =   10000, ntwv    =       0, ntwe    =       0
     ioutfm  =       0, ntwprt  =       0, idecomp =       0, rbornstat=      0

Potential function:
     ntf     =       1, ntb     =       1, igb     =       0, nsnb    =      25
     ipol    =       0, gbsa    =       0, iesp    =       0
     dielc   =   1.00000, cut     =  10.00000, intdiel =   1.00000

Frozen or restrained atoms:
     ibelly  =       0, ntr     =       0

Energy minimization:
     maxcyc  =    1000, ncyc    =     800, ntmin   =       1
     dx0     =   0.01000, drms    =   0.00010

| Intermolecular bonds treatment:
|     no_intermolecular_bonds =       1

| Energy averages sample interval:
|     ene_avg_sampling =       1

Ewald parameters:
     verbose =       0, ew_type =       0, nbflag  =       1, use_pme =       1
     vdwmeth =       1, eedmeth =       1, netfrc  =       0
     Box X =  115.273   Box Y =  107.256   Box Z =  206.607
     Alpha =   90.000   Beta  =   90.000   Gamma =   90.000
     NFFT1 =  120       NFFT2 =  108       NFFT3 =  216
     Cutoff=   10.000   Tol   =0.100E-04
     Ewald Coefficient =  0.27511
     Interpolation order =    4

--------------------------------------------------------------------------------
   3.  ATOMIC COORDINATES AND VELOCITIES
--------------------------------------------------------------------------------

default_name                                                                    
 begin time read from input coords =     0.000 ps

 
 Number of triangulated 3-point waters found:    64454

     Sum of charges from parm topology file =   0.00000012
     Forcing neutrality...

| Dynamic Memory, Types Used:
| Reals             5001883
| Integers          8200574

| Nonbonded Pairs Initial Allocation:    66310686

--------------------------------------------------------------------------------
   4.  RESULTS
--------------------------------------------------------------------------------

 ---------------------------------------------------
 APPROXIMATING switch and d/dx switch using CUBIC SPLINE INTERPOLATION
 using   5000.0 points per unit in tabled values
 TESTING RELATIVE ERROR over r ranging from 0.0 to cutoff
| CHECK switch(x): max rel err =   0.2738E-14   at   2.422500
| CHECK d/dx switch(x): max rel err =   0.8314E-11   at   2.736960
 ---------------------------------------------------
|---------------------------------------------------
| APPROXIMATING direct energy using CUBIC SPLINE INTERPOLATION
|  with   50.0 points per unit in tabled values
| Relative Error Limit not exceeded for r .gt.   2.33
| APPROXIMATING direct force using CUBIC SPLINE INTERPOLATION
|  with   50.0 points per unit in tabled values
| Relative Error Limit not exceeded for r .gt.   2.80
|---------------------------------------------------


   NSTEP       ENERGY          RMS            GMAX         NAME    NUMBER
      1       8.5914E+05     1.1148E+04     3.0014E+06     SG       8652

 BOND    =   515294.8520  ANGLE   =     4312.9635  DIHED      =     7080.4870
 UB      =        0.0000  IMP     =        0.0000  CMAP       =     1516.7884
 VDWAALS =   994082.8083  EEL     =  -744634.5203  HBOND      =        0.0000
 1-4 VDW =     7894.9044  1-4 EEL =    73595.6810  RESTRAINT  =        0.0000


   NSTEP       ENERGY          RMS            GMAX         NAME    NUMBER
    100      -7.0708E+05     2.3375E+00     3.7840E+02     NE2      5405

 BOND    =    44332.9974  ANGLE   =     5920.9427  DIHED      =     7466.7646
 UB      =        0.0000  IMP     =        0.0000  CMAP       =     1541.0454
 VDWAALS =    54345.7192  EEL     =  -898874.8920  HBOND      =        0.0000
 1-4 VDW =     6425.0846  1-4 EEL =    71761.8813  RESTRAINT  =        0.0000


   NSTEP       ENERGY          RMS            GMAX         NAME    NUMBER
    200      -7.5303E+05     8.1889E-01     1.3951E+02     CG       9884

 BOND    =    44962.7526  ANGLE   =     4534.9037  DIHED      =     7182.4403
 UB      =        0.0000  IMP     =        0.0000  CMAP       =     1539.5119
 VDWAALS =    66217.6560  EEL     =  -954319.3804  HBOND      =        0.0000
 1-4 VDW =     5736.4071  1-4 EEL =    71112.6056  RESTRAINT  =        0.0000


   NSTEP       ENERGY          RMS            GMAX         NAME    NUMBER
    300      -7.7027E+05     5.6210E-01     1.1337E+02     CG      16442

 BOND    =    47143.7199  ANGLE   =     4132.3213  DIHED      =     7049.8808
 UB      =        0.0000  IMP     =        0.0000  CMAP       =     1527.2558
 VDWAALS =    75711.6300  EEL     =  -982304.4203  HBOND      =        0.0000
 1-4 VDW =     5545.5724  1-4 EEL =    70924.4837  RESTRAINT  =        0.0000


   NSTEP       ENERGY          RMS            GMAX         NAME    NUMBER
    400      -7.8156E+05     6.5154E-01     2.9419E+02     CG      16442

 BOND    =    48917.8041  ANGLE   =     3941.3881  DIHED      =     6950.4387
 UB      =        0.0000  IMP     =        0.0000  CMAP       =     1517.0785
 VDWAALS =    83334.2298  EEL     = -1002527.1020  HBOND      =        0.0000
 1-4 VDW =     5464.1398  1-4 EEL =    70843.7748  RESTRAINT  =        0.0000


   NSTEP       ENERGY          RMS            GMAX         NAME    NUMBER
    500      -7.8993E+05     4.1717E-01     8.0204E+01     CG      16442

 BOND    =    50317.6684  ANGLE   =     3837.7594  DIHED      =     6875.0513
 UB      =        0.0000  IMP     =        0.0000  CMAP       =     1506.3216
 VDWAALS =    89485.3367  EEL     = -1018176.7331  HBOND      =        0.0000
 1-4 VDW =     5419.7048  1-4 EEL =    70808.8861  RESTRAINT  =        0.0000


   NSTEP       ENERGY          RMS            GMAX         NAME    NUMBER
    600      -7.9635E+05     1.5208E+00     7.7394E+02     CG      16442

 BOND    =    51689.0133  ANGLE   =     3793.4510  DIHED      =     6822.9750
 UB      =        0.0000  IMP     =        0.0000  CMAP       =     1495.7188
 VDWAALS =    94694.9803  EEL     = -1031022.8580  HBOND      =        0.0000
 1-4 VDW =     5390.5659  1-4 EEL =    70788.4464  RESTRAINT  =        0.0000


   NSTEP       ENERGY          RMS            GMAX         NAME    NUMBER
    700      -8.0196E+05     1.3147E+00     6.7263E+02     CG      16442

 BOND    =    52665.5469  ANGLE   =     3681.6218  DIHED      =     6783.7471
 UB      =        0.0000  IMP     =        0.0000  CMAP       =     1488.0375
 VDWAALS =    99207.5007  EEL     = -1041928.5782  HBOND      =        0.0000
 1-4 VDW =     5369.1833  1-4 EEL =    70770.6981  RESTRAINT  =        0.0000


   NSTEP       ENERGY          RMS            GMAX         NAME    NUMBER
    800      -8.0664E+05     1.1425E+00     5.5819E+02     CG      16442

 BOND    =    53540.0533  ANGLE   =     3645.3016  DIHED      =     6757.0101
 UB      =        0.0000  IMP     =        0.0000  CMAP       =     1481.7174
 VDWAALS =   103188.9310  EEL     = -1051371.2683  HBOND      =        0.0000
 1-4 VDW =     5355.1719  1-4 EEL =    70761.4397  RESTRAINT  =        0.0000


   NSTEP       ENERGY          RMS            GMAX         NAME    NUMBER
    900      -8.2492E+05     7.1359E-01     1.1103E+02     CG      16442

 BOND    =    57430.9397  ANGLE   =     3650.3072  DIHED      =     6687.4132
 UB      =        0.0000  IMP     =        0.0000  CMAP       =     1450.6828
 VDWAALS =   121672.6146  EEL     = -1091866.7765  HBOND      =        0.0000
 1-4 VDW =     5331.4674  1-4 EEL =    70718.8803  RESTRAINT  =        0.0000


   NSTEP       ENERGY          RMS            GMAX         NAME    NUMBER
   1000      -8.3120E+05     5.4588E-01     7.0110E+01     CA      16437

 BOND    =    58527.4756  ANGLE   =     3622.3468  DIHED      =     6649.9840
 UB      =        0.0000  IMP     =        0.0000  CMAP       =     1442.1555
 VDWAALS =   126425.3023  EEL     = -1103893.6169  HBOND      =        0.0000
 1-4 VDW =     5318.4941  1-4 EEL =    70711.7644  RESTRAINT  =        0.0000


  Maximum number of minimization cycles reached.


                    FINAL RESULTS



   NSTEP       ENERGY          RMS            GMAX         NAME    NUMBER
   1000      -8.3120E+05     5.4588E-01     7.0110E+01     CA      16437

 BOND    =    58527.4756  ANGLE   =     3622.3468  DIHED      =     6649.9840
 UB      =        0.0000  IMP     =        0.0000  CMAP       =     1442.1555
 VDWAALS =   126425.3023  EEL     = -1103893.6169  HBOND      =        0.0000
 1-4 VDW =     5318.4941  1-4 EEL =    70711.7644  RESTRAINT  =        0.0000
--------------------------------------------------------------------------------
   5.  TIMINGS
--------------------------------------------------------------------------------

|  NonSetup CPU Time in Major Routines:
|
|     Routine           Sec        %
|     ------------------------------
|     Nonbond         847.45   98.41
|     Bond              1.28    0.15
|     Angle             1.39    0.16
|     Dihedral          8.77    1.02
|     Shake             0.00    0.00
|     Other             2.25    0.26
|     ------------------------------
|     Total           861.15

|  PME Nonbond Pairlist CPU Time:
|
|     Routine              Sec        %
|     ---------------------------------
|     Set Up Cit           0.91    0.11
|     Build List          84.98    9.87
|     ---------------------------------
|     Total               85.89    9.97

|  PME Direct Force CPU Time:
|
|     Routine              Sec        %
|     ---------------------------------
|     NonBonded Calc     437.27   50.78
|     Exclude Masked       4.00    0.46
|     Other                8.09    0.94
|     ---------------------------------
|     Total              449.36   52.18

|  PME Reciprocal Force CPU Time:
|
|     Routine              Sec        %
|     ---------------------------------
|     1D bspline          69.64    8.09
|     Grid Charges        97.10   11.28
|     Scalar Sum           8.91    1.03
|     Gradient Sum        14.39    1.67
|     FFT                121.89   14.15
|     ---------------------------------
|     Total              311.93   36.22

|  Setup CPU time:            5.10 seconds
|  NonSetup CPU time:       861.15 seconds
|  Total CPU time:          866.25 seconds     0.24 hours

|  Setup wall time:           5    seconds
|  NonSetup wall time:      861    seconds
|  Total wall time:         866    seconds     0.24 hours
