
          -------------------------------------------------------
          Amber 20 PMEMD                              2020
          -------------------------------------------------------

| PMEMD implementation of SANDER, Release 18

|  Compiled date/time: Fri May 10 16:05:41 2024
| Run on 11/22/2024 at 20:54:46

|   Executable path: pmemd.cuda
| Working directory: /home/xubb/STS005/051/no_ca
|          Hostname: Unknown
  [-O]verwriting output

File Assignments:
|   MDIN: npt.in                                                                
|  MDOUT: npt.out                                                               
| INPCRD: heat.rst                                                              
|   PARM: complex_solvate.prmtop                                                
| RESTRT: npt.rst                                                               
|   REFC: heat.rst                                                              
|  MDVEL: mdvel                                                                 
|   MDEN: mden                                                                  
|  MDCRD: npt.mdcrd                                                             
| MDINFO: npt.info                                                              
|  MDFRC: mdfrc                                                                 


 Here is the input file:

Minimization                                                                   
&cntrl                                                                         
 imin=0,                                                                       
 nstlim=500000, dt=0.002,                                                      
 irest=1, ntx=5,                                                               
 ntpr=20000, ntwr=20000, ntwx=20000,                                           
 ioutfm=0, iwrap=1,                                                            
 ntt=3, gamma_ln=3, ig=71111,                                                  
 ntb=2, ntp=1,                                                                 
 pres0=1.0, taup=3.0,                                                          
 tempi=300.0, temp0=300.0,                                                     
 ntc=2, ntf=2,                                                                 
 cut=10.0,                                                                     
 ntr=1,                                                                        
 restraint_wt=10,                                                              
 restraintmask=':9-1637@CA,C,N,O',                                             
/                                                                              


| irandom = 1, using AMBER's internal random number generator (default).
 
|--------------------- INFORMATION ----------------------
| GPU (CUDA) Version of PMEMD in use: NVIDIA GPU IN USE.
|                    Version 18.0.0
| 
|                      03/25/2018
| 
| Implementation by:
|                    Ross C. Walker     (SDSC)
|                    Scott Le Grand     (nVIDIA)
| 
| Version 18 performance extensions by:
|                    David Cerutti     (Rutgers)
| 
| Precision model in use:
|      [SPFP] - Single Precision Forces, 64-bit Fixed Point
|               Accumulation. (Default)
| 
|--------------------------------------------------------
 
|----------------- CITATION INFORMATION -----------------
|
|    When publishing work that utilized the CUDA version
|    of AMBER, please cite the following in addition to
|    the regular AMBER citations:
|
|  - Romelia Salomon-Ferrer; Andreas W. Goetz; Duncan
|    Poole; Scott Le Grand; Ross C. Walker "Routine
|    microsecond molecular dynamics simulations with
|    AMBER - Part II: Particle Mesh Ewald", J. Chem.
|    Theory Comput., 2013, 9 (9), pp3878-3888,
|    DOI: 10.1021/ct400314y.
|
|  - Andreas W. Goetz; Mark J. Williamson; Dong Xu;
|    Duncan Poole; Scott Le Grand; Ross C. Walker
|    "Routine microsecond molecular dynamics simulations
|    with AMBER - Part I: Generalized Born", J. Chem.
|    Theory Comput., 2012, 8 (5), pp1542-1555.
|
|  - Scott Le Grand; Andreas W. Goetz; Ross C. Walker
|    "SPFP: Speed without compromise - a mixed precision
|    model for GPU accelerated molecular dynamics
|    simulations.", Comp. Phys. Comm., 2013, 184
|    pp374-380, DOI: 10.1016/j.cpc.2012.09.022
|
|--------------------------------------------------------
 
|------------------- GPU DEVICE INFO --------------------
|
|            CUDA_VISIBLE_DEVICES: 1
|   CUDA Capable Devices Detected:      1
|           CUDA Device ID in use:      0
|                CUDA Device Name: NVIDIA GeForce RTX 4090
|     CUDA Device Global Mem Size:  24563 MB
| CUDA Device Num Multiprocessors:    128
|           CUDA Device Core Freq:   2.52 GHz
|
|--------------------------------------------------------
 
 
| Conditional Compilation Defines Used:
| PUBFFT
| BINTRAJ
| CUDA
| EMIL

| Largest sphere to fit in unit cell has radius =    53.628

| New format PARM file being parsed.
| Version =    1.000 Date = 11/22/24 Time = 14:18:48

| Note: 1-4 EEL scale factors are being read from the topology file.

| Note: 1-4 VDW scale factors are being read from the topology file.
| Duplicated    0 dihedrals

| Duplicated    0 dihedrals

--------------------------------------------------------------------------------
   1.  RESOURCE   USE: 
--------------------------------------------------------------------------------

 getting box info from netcdf restart file
 NATOM  =  219227 NTYPES =      17 NBONH =  206195 MBONA  =   13332
 NTHETH =   29089 MTHETA =   18092 NPHIH =   58410 MPHIA  =   57767
 NHPARM =       0 NPARM  =       0 NNB   =  400699 NRES   =   66120
 NBONA  =   13332 NTHETA =   18092 NPHIA =   57767 NUMBND =      74
 NUMANG =     181 NPTRA  =     206 NATYP =      37 NPHB   =       0
 IFBOX  =       1 NMXRS  =      41 IFCAP =       0 NEXTRA =       0
 NCOPY  =       0


| Coordinate Index Table dimensions:    20   19   37
| Direct force subcell size =     5.7637    5.6450    5.5840

     BOX TYPE: RECTILINEAR

--------------------------------------------------------------------------------
   2.  CONTROL  DATA  FOR  THE  RUN
--------------------------------------------------------------------------------

default_name                                                                    

General flags:
     imin    =       0, nmropt  =       0

Nature and format of input:
     ntx     =       5, irest   =       1, ntrx    =       1

Nature and format of output:
     ntxo    =       2, ntpr    =   20000, ntrx    =       1, ntwr    =   20000
     iwrap   =       1, ntwx    =   20000, ntwv    =       0, ntwe    =       0
     ioutfm  =       0, ntwprt  =       0, idecomp =       0, rbornstat=      0

Potential function:
     ntf     =       2, ntb     =       2, igb     =       0, nsnb    =      25
     ipol    =       0, gbsa    =       0, iesp    =       0
     dielc   =   1.00000, cut     =  10.00000, intdiel =   1.00000

Frozen or restrained atoms:
     ibelly  =       0, ntr     =       1
     restraint_wt =  10.00000

Molecular dynamics:
     nstlim  =    500000, nscm    =         0, nrespa  =         1
     t       =   0.00000, dt      =   0.00200, vlimit  =  -1.00000

Langevin dynamics temperature regulation:
     ig      =   71111
     temp0   = 300.00000, tempi   = 300.00000, gamma_ln=   3.00000

Pressure regulation:
     ntp     =       1
     pres0   =   1.00000, comp    =  44.60000, taup    =   3.00000

SHAKE:
     ntc     =       2, jfastw  =       0
     tol     =   0.00001

| Intermolecular bonds treatment:
|     no_intermolecular_bonds =       1

| Energy averages sample interval:
|     ene_avg_sampling =   20000

Ewald parameters:
     verbose =       0, ew_type =       0, nbflag  =       1, use_pme =       1
     vdwmeth =       1, eedmeth =       1, netfrc  =       1
     Box X =  115.273   Box Y =  107.256   Box Z =  206.607
     Alpha =   90.000   Beta  =   90.000   Gamma =   90.000
     NFFT1 =  120       NFFT2 =  108       NFFT3 =  216
     Cutoff=   10.000   Tol   =0.100E-04
     Ewald Coefficient =  0.27511
     Interpolation order =    4

    LOADING THE CONSTRAINED ATOMS AS GROUPS


   5.  REFERENCE ATOM COORDINATES

  default_name                                                                    
     Mask :9-1637@CA,C,N,O; matches  6500 atoms

--------------------------------------------------------------------------------
   3.  ATOMIC COORDINATES AND VELOCITIES
--------------------------------------------------------------------------------

default_name                                                                    
 begin time read from input coords =    10.000 ps

 
 Number of triangulated 3-point waters found:    64454

     Sum of charges from parm topology file =   0.00000012
     Forcing neutrality...

| Dynamic Memory, Types Used:
| Reals             9489668
| Integers          8987136

| Nonbonded Pairs Initial Allocation:    66310686

| GPU memory information (estimate):
| KB of GPU memory in use:   1117500
| KB of CPU memory in use:    363402

--------------------------------------------------------------------------------
   4.  RESULTS
--------------------------------------------------------------------------------


 NSTEP =    20000   TIME(PS) =      50.000  TEMP(K) =   300.78  PRESS =    39.4
 Etot   =   -523417.0657  EKtot   =    134927.0625  EPtot      =   -658344.1282
 BOND   =      5020.1418  ANGLE   =     13024.1444  DIHED      =      8823.4486
 UB     =         0.0000  IMP     =         0.0000  CMAP       =      1504.8533
 1-4 NB =      6044.2095  1-4 EEL =     70784.6969  VDWAALS    =     77954.8420
 EELEC  =   -843054.9640  EHBOND  =         0.0000  RESTRAINT  =      1554.4993
 EAMBER (non-restraint)  =   -659898.6275
 EKCMT  =     58069.9583  VIRIAL  =     56171.3513  VOLUME     =   2232481.8510
                                                    Density    =         1.0013
 ------------------------------------------------------------------------------


 NSTEP =    40000   TIME(PS) =      90.000  TEMP(K) =   300.21  PRESS =   137.4
 Etot   =   -524575.8060  EKtot   =    134672.1562  EPtot      =   -659247.9623
 BOND   =      5007.9961  ANGLE   =     12916.9761  DIHED      =      8867.6351
 UB     =         0.0000  IMP     =         0.0000  CMAP       =      1482.6417
 1-4 NB =      6088.6552  1-4 EEL =     70632.6000  VDWAALS    =     78032.8943
 EELEC  =   -843827.7498  EHBOND  =         0.0000  RESTRAINT  =      1550.3889
 EAMBER (non-restraint)  =   -660798.3512
 EKCMT  =     58208.5887  VIRIAL  =     51625.9734  VOLUME     =   2218573.2396
                                                    Density    =         1.0076
 ------------------------------------------------------------------------------


 NSTEP =    60000   TIME(PS) =     130.000  TEMP(K) =   300.78  PRESS =    12.3
 Etot   =   -524439.0392  EKtot   =    134928.8438  EPtot      =   -659367.8830
 BOND   =      4952.1192  ANGLE   =     13161.8116  DIHED      =      8799.5424
 UB     =         0.0000  IMP     =         0.0000  CMAP       =      1507.4223
 1-4 NB =      6064.7181  1-4 EEL =     70657.5635  VDWAALS    =     77586.4446
 EELEC  =   -843740.7816  EHBOND  =         0.0000  RESTRAINT  =      1643.2770
 EAMBER (non-restraint)  =   -661011.1600
 EKCMT  =     58013.4906  VIRIAL  =     57424.2847  VOLUME     =   2218292.4286
                                                    Density    =         1.0077
 ------------------------------------------------------------------------------


 NSTEP =    80000   TIME(PS) =     170.000  TEMP(K) =   300.03  PRESS =  -103.2
 Etot   =   -524630.2657  EKtot   =    134590.4844  EPtot      =   -659220.7501
 BOND   =      5023.5024  ANGLE   =     13076.9549  DIHED      =      8849.8468
 UB     =         0.0000  IMP     =         0.0000  CMAP       =      1514.1622
 1-4 NB =      6082.1990  1-4 EEL =     70772.7228  VDWAALS    =     77325.8790
 EELEC  =   -843467.9573  EHBOND  =         0.0000  RESTRAINT  =      1601.9402
 EAMBER (non-restraint)  =   -660822.6902
 EKCMT  =     57944.9272  VIRIAL  =     62887.5371  VOLUME     =   2217993.6577
                                                    Density    =         1.0079
 ------------------------------------------------------------------------------


 NSTEP =   100000   TIME(PS) =     210.000  TEMP(K) =   300.19  PRESS =    62.2
 Etot   =   -525160.6740  EKtot   =    134664.8750  EPtot      =   -659825.5490
 BOND   =      5058.6941  ANGLE   =     12952.5183  DIHED      =      8814.4555
 UB     =         0.0000  IMP     =         0.0000  CMAP       =      1524.2462
 1-4 NB =      6090.8372  1-4 EEL =     70782.4787  VDWAALS    =     78216.4469
 EELEC  =   -844879.1363  EHBOND  =         0.0000  RESTRAINT  =      1613.9104
 EAMBER (non-restraint)  =   -661439.4593
 EKCMT  =     57871.9595  VIRIAL  =     54897.0180  VOLUME     =   2214560.8127
                                                    Density    =         1.0094
 ------------------------------------------------------------------------------


 NSTEP =   120000   TIME(PS) =     250.000  TEMP(K) =   299.62  PRESS =   -62.9
 Etot   =   -525089.0935  EKtot   =    134407.1875  EPtot      =   -659496.2810
 BOND   =      4943.3390  ANGLE   =     12945.7178  DIHED      =      8782.0261
 UB     =         0.0000  IMP     =         0.0000  CMAP       =      1505.5172
 1-4 NB =      6082.4004  1-4 EEL =     70857.4017  VDWAALS    =     77048.0700
 EELEC  =   -843287.8273  EHBOND  =         0.0000  RESTRAINT  =      1627.0741
 EAMBER (non-restraint)  =   -661123.3551
 EKCMT  =     57790.6824  VIRIAL  =     60798.4625  VOLUME     =   2214749.9626
                                                    Density    =         1.0093
 ------------------------------------------------------------------------------


 NSTEP =   140000   TIME(PS) =     290.000  TEMP(K) =   299.55  PRESS =  -128.4
 Etot   =   -525752.6817  EKtot   =    134376.2344  EPtot      =   -660128.9161
 BOND   =      5006.9817  ANGLE   =     12874.9955  DIHED      =      8751.4120
 UB     =         0.0000  IMP     =         0.0000  CMAP       =      1509.9420
 1-4 NB =      6035.1357  1-4 EEL =     70584.5355  VDWAALS    =     77456.1763
 EELEC  =   -844010.7664  EHBOND  =         0.0000  RESTRAINT  =      1662.6715
 EAMBER (non-restraint)  =   -661791.5877
 EKCMT  =     57925.9901  VIRIAL  =     64060.1134  VOLUME     =   2212068.7719
                                                    Density    =         1.0106
 ------------------------------------------------------------------------------


 NSTEP =   160000   TIME(PS) =     330.000  TEMP(K) =   299.96  PRESS =    71.9
 Etot   =   -525367.9731  EKtot   =    134558.2188  EPtot      =   -659926.1919
 BOND   =      5025.6326  ANGLE   =     12805.4072  DIHED      =      8775.3627
 UB     =         0.0000  IMP     =         0.0000  CMAP       =      1505.0009
 1-4 NB =      6093.2334  1-4 EEL =     70710.1597  VDWAALS    =     77550.6987
 EELEC  =   -844006.4913  EHBOND  =         0.0000  RESTRAINT  =      1614.8042
 EAMBER (non-restraint)  =   -661540.9961
 EKCMT  =     57834.8091  VIRIAL  =     54401.4026  VOLUME     =   2211972.9117
                                                    Density    =         1.0106
 ------------------------------------------------------------------------------


 NSTEP =   180000   TIME(PS) =     370.000  TEMP(K) =   300.08  PRESS =    61.4
 Etot   =   -525002.8196  EKtot   =    134616.5000  EPtot      =   -659619.3196
 BOND   =      5018.3013  ANGLE   =     13023.9219  DIHED      =      8810.9459
 UB     =         0.0000  IMP     =         0.0000  CMAP       =      1495.9403
 1-4 NB =      6106.6327  1-4 EEL =     70689.6136  VDWAALS    =     77442.6939
 EELEC  =   -843817.4547  EHBOND  =         0.0000  RESTRAINT  =      1610.0856
 EAMBER (non-restraint)  =   -661229.4052
 EKCMT  =     57768.2092  VIRIAL  =     54830.1068  VOLUME     =   2214589.5191
                                                    Density    =         1.0094
 ------------------------------------------------------------------------------


 NSTEP =   200000   TIME(PS) =     410.000  TEMP(K) =   301.10  PRESS =    95.1
 Etot   =   -525164.0290  EKtot   =    135073.6562  EPtot      =   -660237.6852
 BOND   =      5001.6613  ANGLE   =     12895.9252  DIHED      =      8763.9016
 UB     =         0.0000  IMP     =         0.0000  CMAP       =      1490.8635
 1-4 NB =      6083.1792  1-4 EEL =     70765.2527  VDWAALS    =     76896.8168
 EELEC  =   -843799.9808  EHBOND  =         0.0000  RESTRAINT  =      1664.6952
 EAMBER (non-restraint)  =   -661902.3804
 EKCMT  =     58413.9363  VIRIAL  =     53870.9995  VOLUME     =   2212851.8766
                                                    Density    =         1.0102
 ------------------------------------------------------------------------------


 NSTEP =   220000   TIME(PS) =     450.000  TEMP(K) =   299.21  PRESS =  -123.5
 Etot   =   -526017.2045  EKtot   =    134223.6719  EPtot      =   -660240.8764
 BOND   =      5009.6721  ANGLE   =     12905.2232  DIHED      =      8691.1070
 UB     =         0.0000  IMP     =         0.0000  CMAP       =      1491.6474
 1-4 NB =      6101.4974  1-4 EEL =     70695.3378  VDWAALS    =     77108.2016
 EELEC  =   -843894.5592  EHBOND  =         0.0000  RESTRAINT  =      1650.9963
 EAMBER (non-restraint)  =   -661891.8728
 EKCMT  =     57872.3089  VIRIAL  =     63765.6373  VOLUME     =   2210644.3260
                                                    Density    =         1.0112
 ------------------------------------------------------------------------------


 NSTEP =   240000   TIME(PS) =     490.000  TEMP(K) =   301.10  PRESS =   -62.3
 Etot   =   -524808.5598  EKtot   =    135072.9531  EPtot      =   -659881.5129
 BOND   =      5026.6820  ANGLE   =     12959.0868  DIHED      =      8720.7629
 UB     =         0.0000  IMP     =         0.0000  CMAP       =      1485.1914
 1-4 NB =      6058.6478  1-4 EEL =     70670.6566  VDWAALS    =     77316.6023
 EELEC  =   -843722.7028  EHBOND  =         0.0000  RESTRAINT  =      1603.5601
 EAMBER (non-restraint)  =   -661485.0730
 EKCMT  =     58142.6880  VIRIAL  =     61120.6019  VOLUME     =   2212546.9410
                                                    Density    =         1.0103
 ------------------------------------------------------------------------------


 NSTEP =   260000   TIME(PS) =     530.000  TEMP(K) =   300.53  PRESS =  -152.0
 Etot   =   -524803.6642  EKtot   =    134814.8281  EPtot      =   -659618.4923
 BOND   =      4989.0156  ANGLE   =     12993.8271  DIHED      =      8746.2502
 UB     =         0.0000  IMP     =         0.0000  CMAP       =      1488.9078
 1-4 NB =      6107.0155  1-4 EEL =     70756.6470  VDWAALS    =     77180.5284
 EELEC  =   -843538.8188  EHBOND  =         0.0000  RESTRAINT  =      1658.1349
 EAMBER (non-restraint)  =   -661276.6272
 EKCMT  =     57936.7118  VIRIAL  =     65200.4510  VOLUME     =   2212936.6140
                                                    Density    =         1.0102
 ------------------------------------------------------------------------------


 NSTEP =   280000   TIME(PS) =     570.000  TEMP(K) =   299.14  PRESS =    28.8
 Etot   =   -525958.9122  EKtot   =    134193.6406  EPtot      =   -660152.5529
 BOND   =      4972.4870  ANGLE   =     12897.9359  DIHED      =      8774.3648
 UB     =         0.0000  IMP     =         0.0000  CMAP       =      1502.4691
 1-4 NB =      6089.7889  1-4 EEL =     70706.7615  VDWAALS    =     77878.9040
 EELEC  =   -844618.4177  EHBOND  =         0.0000  RESTRAINT  =      1643.1536
 EAMBER (non-restraint)  =   -661795.7065
 EKCMT  =     57818.0621  VIRIAL  =     56443.9075  VOLUME     =   2210408.7478
                                                    Density    =         1.0113
 ------------------------------------------------------------------------------


 NSTEP =   300000   TIME(PS) =     610.000  TEMP(K) =   300.14  PRESS =    18.3
 Etot   =   -525312.2761  EKtot   =    134639.0625  EPtot      =   -659951.3386
 BOND   =      5050.0282  ANGLE   =     13046.0666  DIHED      =      8736.9619
 UB     =         0.0000  IMP     =         0.0000  CMAP       =      1491.3449
 1-4 NB =      6113.9458  1-4 EEL =     70580.5874  VDWAALS    =     77912.9034
 EELEC  =   -844524.0149  EHBOND  =         0.0000  RESTRAINT  =      1640.8381
 EAMBER (non-restraint)  =   -661592.1767
 EKCMT  =     57879.3720  VIRIAL  =     57004.6422  VOLUME     =   2211141.1938
                                                    Density    =         1.0110
 ------------------------------------------------------------------------------


 NSTEP =   320000   TIME(PS) =     650.000  TEMP(K) =   300.40  PRESS =   245.3
 Etot   =   -524917.2212  EKtot   =    134757.3438  EPtot      =   -659674.5649
 BOND   =      5012.9702  ANGLE   =     12967.7305  DIHED      =      8764.9471
 UB     =         0.0000  IMP     =         0.0000  CMAP       =      1493.0194
 1-4 NB =      6140.8685  1-4 EEL =     70799.7222  VDWAALS    =     78339.6957
 EELEC  =   -844869.8370  EHBOND  =         0.0000  RESTRAINT  =      1676.3183
 EAMBER (non-restraint)  =   -661350.8832
 EKCMT  =     57985.4439  VIRIAL  =     46268.1928  VOLUME     =   2212254.4368
                                                    Density    =         1.0105
 ------------------------------------------------------------------------------


 NSTEP =   340000   TIME(PS) =     690.000  TEMP(K) =   300.52  PRESS =  -140.2
 Etot   =   -525155.4873  EKtot   =    134810.2031  EPtot      =   -659965.6905
 BOND   =      4982.9112  ANGLE   =     12913.4882  DIHED      =      8727.3573
 UB     =         0.0000  IMP     =         0.0000  CMAP       =      1489.8803
 1-4 NB =      6094.8569  1-4 EEL =     70724.7380  VDWAALS    =     76675.5121
 EELEC  =   -843173.9165  EHBOND  =         0.0000  RESTRAINT  =      1599.4821
 EAMBER (non-restraint)  =   -661565.1726
 EKCMT  =     57740.0940  VIRIAL  =     64426.9814  VOLUME     =   2209596.1997
                                                    Density    =         1.0117
 ------------------------------------------------------------------------------


 NSTEP =   360000   TIME(PS) =     730.000  TEMP(K) =   299.50  PRESS =   152.5
 Etot   =   -526069.9005  EKtot   =    134355.0312  EPtot      =   -660424.9318
 BOND   =      5108.8194  ANGLE   =     13033.0031  DIHED      =      8780.9571
 UB     =         0.0000  IMP     =         0.0000  CMAP       =      1494.7219
 1-4 NB =      6068.1604  1-4 EEL =     70578.6422  VDWAALS    =     77888.3707
 EELEC  =   -845050.7259  EHBOND  =         0.0000  RESTRAINT  =      1673.1193
 EAMBER (non-restraint)  =   -662098.0511
 EKCMT  =     57938.9882  VIRIAL  =     50662.5014  VOLUME     =   2210189.9132
                                                    Density    =         1.0114
 ------------------------------------------------------------------------------


 NSTEP =   380000   TIME(PS) =     770.000  TEMP(K) =   300.55  PRESS =    73.7
 Etot   =   -525384.4410  EKtot   =    134823.5000  EPtot      =   -660207.9410
 BOND   =      4922.5208  ANGLE   =     12760.0510  DIHED      =      8814.3403
 UB     =         0.0000  IMP     =         0.0000  CMAP       =      1491.2461
 1-4 NB =      6148.2633  1-4 EEL =     70710.3509  VDWAALS    =     77643.6809
 EELEC  =   -844351.5385  EHBOND  =         0.0000  RESTRAINT  =      1653.1443
 EAMBER (non-restraint)  =   -661861.0853
 EKCMT  =     57950.7512  VIRIAL  =     54431.2583  VOLUME     =   2211781.5331
                                                    Density    =         1.0107
 ------------------------------------------------------------------------------


 NSTEP =   400000   TIME(PS) =     810.000  TEMP(K) =   300.31  PRESS =   -75.1
 Etot   =   -525769.5364  EKtot   =    134717.1406  EPtot      =   -660486.6770
 BOND   =      4948.8385  ANGLE   =     12809.0176  DIHED      =      8697.6913
 UB     =         0.0000  IMP     =         0.0000  CMAP       =      1483.9477
 1-4 NB =      6040.1288  1-4 EEL =     70714.0870  VDWAALS    =     77620.3849
 EELEC  =   -844436.7122  EHBOND  =         0.0000  RESTRAINT  =      1635.9392
 EAMBER (non-restraint)  =   -662122.6163
 EKCMT  =     57855.6516  VIRIAL  =     61439.1260  VOLUME     =   2210764.0248
                                                    Density    =         1.0112
 ------------------------------------------------------------------------------


 NSTEP =   420000   TIME(PS) =     850.000  TEMP(K) =   300.06  PRESS =   -37.7
 Etot   =   -526094.6833  EKtot   =    134605.2969  EPtot      =   -660699.9801
 BOND   =      4855.9975  ANGLE   =     12904.5010  DIHED      =      8817.1034
 UB     =         0.0000  IMP     =         0.0000  CMAP       =      1503.4842
 1-4 NB =      6092.4995  1-4 EEL =     70683.7246  VDWAALS    =     78088.6316
 EELEC  =   -845301.4806  EHBOND  =         0.0000  RESTRAINT  =      1655.5587
 EAMBER (non-restraint)  =   -662355.5388
 EKCMT  =     57742.1919  VIRIAL  =     59543.1001  VOLUME     =   2210015.4584
                                                    Density    =         1.0115
 ------------------------------------------------------------------------------


 NSTEP =   440000   TIME(PS) =     890.000  TEMP(K) =   300.23  PRESS =   -50.7
 Etot   =   -525669.3035  EKtot   =    134682.2812  EPtot      =   -660351.5848
 BOND   =      5025.9729  ANGLE   =     12870.3566  DIHED      =      8751.8181
 UB     =         0.0000  IMP     =         0.0000  CMAP       =      1470.8931
 1-4 NB =      6146.4911  1-4 EEL =     70714.2445  VDWAALS    =     77225.1733
 EELEC  =   -844208.2588  EHBOND  =         0.0000  RESTRAINT  =      1651.7245
 EAMBER (non-restraint)  =   -662003.3092
 EKCMT  =     58113.3550  VIRIAL  =     60535.5514  VOLUME     =   2211218.1832
                                                    Density    =         1.0110
 ------------------------------------------------------------------------------


 NSTEP =   460000   TIME(PS) =     930.000  TEMP(K) =   299.85  PRESS =   -67.3
 Etot   =   -526355.9372  EKtot   =    134513.0781  EPtot      =   -660869.0153
 BOND   =      4978.0300  ANGLE   =     12879.7598  DIHED      =      8717.2849
 UB     =         0.0000  IMP     =         0.0000  CMAP       =      1502.6910
 1-4 NB =      6061.9244  1-4 EEL =     70600.9031  VDWAALS    =     77834.6689
 EELEC  =   -845096.5816  EHBOND  =         0.0000  RESTRAINT  =      1652.3042
 EAMBER (non-restraint)  =   -662521.3195
 EKCMT  =     57945.2474  VIRIAL  =     61156.0909  VOLUME     =   2209855.1168
                                                    Density    =         1.0116
 ------------------------------------------------------------------------------


 NSTEP =   480000   TIME(PS) =     970.000  TEMP(K) =   300.41  PRESS =    59.6
 Etot   =   -526079.0716  EKtot   =    134763.9531  EPtot      =   -660843.0248
 BOND   =      4928.5915  ANGLE   =     12990.3763  DIHED      =      8738.1678
 UB     =         0.0000  IMP     =         0.0000  CMAP       =      1480.0552
 1-4 NB =      6119.4809  1-4 EEL =     70786.9137  VDWAALS    =     77746.6326
 EELEC  =   -845280.4553  EHBOND  =         0.0000  RESTRAINT  =      1647.2125
 EAMBER (non-restraint)  =   -662490.2373
 EKCMT  =     57900.0226  VIRIAL  =     55059.1665  VOLUME     =   2209243.3269
                                                    Density    =         1.0119
 ------------------------------------------------------------------------------


 NSTEP =   500000   TIME(PS) =    1010.000  TEMP(K) =   299.86  PRESS =  -159.7
 Etot   =   -525301.6190  EKtot   =    134517.2031  EPtot      =   -659818.8221
 BOND   =      5075.4931  ANGLE   =     13017.2589  DIHED      =      8762.9246
 UB     =         0.0000  IMP     =         0.0000  CMAP       =      1479.6920
 1-4 NB =      6081.1210  1-4 EEL =     70606.4931  VDWAALS    =     77294.2866
 EELEC  =   -843797.2388  EHBOND  =         0.0000  RESTRAINT  =      1661.1474
 EAMBER (non-restraint)  =   -661479.9695
 EKCMT  =     57528.7685  VIRIAL  =     65146.1694  VOLUME     =   2208549.7992
                                                    Density    =         1.0122
 ------------------------------------------------------------------------------


      A V E R A G E S   O V E R      25 S T E P S


 NSTEP =   500000   TIME(PS) =    1010.000  TEMP(K) =   300.16  PRESS =    -4.2
 Etot   =   -525291.8906  EKtot   =    134652.1762  EPtot      =   -659944.0669
 BOND   =      4997.8560  ANGLE   =     12945.0422  DIHED      =      8771.2246
 UB     =         0.0000  IMP     =         0.0000  CMAP       =      1495.5912
 1-4 NB =      6089.4356  1-4 EEL =     70702.6734  VDWAALS    =     77570.6056
 EELEC  =   -844150.3347  EHBOND  =         0.0000  RESTRAINT  =      1633.8392
 EAMBER (non-restraint)  =   -661577.9061
 EKCMT  =     57927.6883  VIRIAL  =     58126.8251  VOLUME     =   2213171.2338
                                                    Density    =         1.0101
 ------------------------------------------------------------------------------


      R M S  F L U C T U A T I O N S


 NSTEP =   500000   TIME(PS) =    1010.000  TEMP(K) =     0.51  PRESS =   103.6
 Etot   =       649.6911  EKtot   =       227.0682  EPtot      =       553.7866
 BOND   =        52.4211  ANGLE   =        89.8540  DIHED      =        44.5790
 UB     =         0.0000  IMP     =         0.0000  CMAP       =        12.0332
 1-4 NB =        29.7150  1-4 EEL =        74.4522  VDWAALS    =       414.9422
 EELEC  =       647.9830  EHBOND  =         0.0000  RESTRAINT  =        32.5070
 EAMBER (non-restraint)  =       521.2796
 EKCMT  =       171.6246  VIRIAL  =      4882.9977  VOLUME     =      4779.6499
                                                    Density    =         0.0022
 ------------------------------------------------------------------------------

--------------------------------------------------------------------------------
   5.  TIMINGS
--------------------------------------------------------------------------------

|  NonSetup CPU Time in Major Routines:
|
|     Routine           Sec        %
|     ------------------------------
|     Nonbond         597.16   79.23
|     Bond              0.00    0.00
|     Angle             0.00    0.00
|     Dihedral          0.00    0.00
|     Shake             1.54    0.20
|     RunMD           154.45   20.49
|     Other             0.60    0.08
|     ------------------------------
|     Total           753.74

|  PME Nonbond Pairlist CPU Time:
|
|     Routine              Sec        %
|     ---------------------------------
|     Set Up Cit           0.00    0.00
|     Build List           0.00    0.00
|     ---------------------------------
|     Total                0.00    0.00

|  PME Direct Force CPU Time:
|
|     Routine              Sec        %
|     ---------------------------------
|     NonBonded Calc       0.00    0.00
|     Exclude Masked       0.00    0.00
|     Other                0.32    0.04
|     ---------------------------------
|     Total                0.32    0.04

|  PME Reciprocal Force CPU Time:
|
|     Routine              Sec        %
|     ---------------------------------
|     1D bspline           0.00    0.00
|     Grid Charges         0.00    0.00
|     Scalar Sum           0.00    0.00
|     Gradient Sum         0.00    0.00
|     FFT                  0.00    0.00
|     ---------------------------------
|     Total                0.00    0.00

|  Final Performance Info:
|     -----------------------------------------------------
|     Average timings for last       1 steps:
|     Elapsed(s) =       0.00 Per Step(ms) =       0.07
|         ns/day =    2399.28   seconds/ns =      36.01
|
|     Average timings for all steps:
|     Elapsed(s) =     754.10 Per Step(ms) =       1.51
|         ns/day =     114.57   seconds/ns =     754.10
|     -----------------------------------------------------

|  Setup CPU time:            1.77 seconds
|  NonSetup CPU time:       753.74 seconds
|  Total CPU time:          755.51 seconds     0.21 hours

|  Setup wall time:           2    seconds
|  NonSetup wall time:      754    seconds
|  Total wall time:         756    seconds     0.21 hours
